including device/asus/deb/vendorsetup.sh
including device/asus/flo/vendorsetup.sh
including device/asus/fugu/vendorsetup.sh
including device/feima/feima6797_4u_m/vendorsetup.sh
including device/feima/feima6797_4w/vendorsetup.sh
including device/generic/mini-emulator-arm64/vendorsetup.sh
including device/generic/mini-emulator-armv7-a-neon/vendorsetup.sh
including device/generic/mini-emulator-mips/vendorsetup.sh
including device/generic/mini-emulator-x86/vendorsetup.sh
including device/generic/mini-emulator-x86_64/vendorsetup.sh
including device/htc/flounder/vendorsetup.sh
including device/lge/hammerhead/vendorsetup.sh
including device/moto/shamu/vendorsetup.sh
including vendor/dolby/device/dax1_grouper_sw/vendorsetup.sh
including vendor/dolby/device/dax1_hammerhead_hw/vendorsetup.sh
including vendor/dolby/device/dax1_hammerhead_sw/vendorsetup.sh
including vendor/dolby/device/dax1_manta_sw/vendorsetup.sh
including sdk/bash_completion/adb.bash

============================================
PLATFORM_VERSION_CODENAME=REL
PLATFORM_VERSION=6.0
TARGET_PRODUCT=full_feima6797_4u_m
TARGET_BUILD_VARIANT=eng
TARGET_BUILD_TYPE=release
TARGET_BUILD_APPS=
TARGET_ARCH=arm64
TARGET_ARCH_VARIANT=armv8-a
TARGET_CPU_VARIANT=cortex-a53
TARGET_2ND_ARCH=arm
TARGET_2ND_ARCH_VARIANT=armv7-a-neon
TARGET_2ND_CPU_VARIANT=cortex-a53
HOST_ARCH=x86_64
HOST_OS=linux
HOST_OS_EXTRA=Linux-3.11.0-15-generic-x86_64-with-Ubuntu-12.04-precise
HOST_BUILD_TYPE=release
BUILD_ID=MRA58K
OUT_DIR=out
============================================

============================================
PLATFORM_VERSION_CODENAME=REL
PLATFORM_VERSION=6.0
TARGET_PRODUCT=full_feima6797_4u_m
TARGET_BUILD_VARIANT=eng
TARGET_BUILD_TYPE=release
TARGET_BUILD_APPS=
TARGET_ARCH=arm64
TARGET_ARCH_VARIANT=armv8-a
TARGET_CPU_VARIANT=cortex-a53
TARGET_2ND_ARCH=arm
TARGET_2ND_ARCH_VARIANT=armv7-a-neon
TARGET_2ND_CPU_VARIANT=cortex-a53
HOST_ARCH=x86_64
HOST_OS=linux
HOST_OS_EXTRA=Linux-3.11.0-15-generic-x86_64-with-Ubuntu-12.04-precise
HOST_BUILD_TYPE=release
BUILD_ID=MRA58K
OUT_DIR=out
============================================
Checking build tools versions...
including ./abi/cpp/Android.mk ...
including ./art/Android.mk ...
including ./bionic/Android.mk ...
including ./bootable/recovery/Android.mk ...
including ./build/libs/host/Android.mk ...
including ./build/target/board/Android.mk ...
including ./build/target/product/security/Android.mk ...
including ./build/tools/Android.mk ...
including ./cts/Android.mk ...
including ./dalvik/Android.mk ...
including ./development/apps/BluetoothDebug/Android.mk ...
including ./development/apps/BuildWidget/Android.mk ...
including ./development/apps/CustomLocale/Android.mk ...
including ./development/apps/Development/Android.mk ...
including ./development/apps/DevelopmentSettings/Android.mk ...
including ./development/apps/Fallback/Android.mk ...
including ./development/apps/GestureBuilder/Android.mk ...
including ./development/apps/NinePatchLab/Android.mk ...
including ./development/apps/OBJViewer/Android.mk ...
including ./development/apps/SdkSetup/Android.mk ...
including ./development/apps/SettingInjectorSample/Android.mk ...
including ./development/apps/WidgetPreview/Android.mk ...
including ./development/apps/launchperf/Android.mk ...
including ./development/build/Android.mk ...
including ./development/cmds/monkey/Android.mk ...
including ./development/host/Android.mk ...
including ./development/ndk/Android.mk ...
including ./development/perftests/panorama/Android.mk ...
including ./development/samples/AccelerometerPlay/Android.mk ...
including ./development/samples/AliasActivity/Android.mk ...
including ./development/samples/AndroidBeamDemo/Android.mk ...
including ./development/samples/ApiDemos/Android.mk ...
including ./development/samples/AppNavigation/Android.mk ...
including ./development/samples/BackupRestore/Android.mk ...
including ./development/samples/BasicGLSurfaceView/Android.mk ...
including ./development/samples/BluetoothChat/Android.mk ...
including ./development/samples/BluetoothHDP/Android.mk ...
including ./development/samples/BusinessCard/Android.mk ...
including ./development/samples/Compass/Android.mk ...
including ./development/samples/ContactManager/Android.mk ...
including ./development/samples/CubeLiveWallpaper/Android.mk ...
including ./development/samples/FixedGridLayout/Android.mk ...
including ./development/samples/HeavyWeight/Android.mk ...
including ./development/samples/HelloActivity/Android.mk ...
including ./development/samples/HelloEffects/Android.mk ...
including ./development/samples/HoneycombGallery/Android.mk ...
including ./development/samples/JetBoy/Android.mk ...
including ./development/samples/KeyChainDemo/Android.mk ...
including ./development/samples/LunarLander/Android.mk ...
including ./development/samples/MultiResolution/Android.mk ...
including ./development/samples/MySampleRss/Android.mk ...
including ./development/samples/NotePad/Android.mk ...
including ./development/samples/Obb/Android.mk ...
including ./development/samples/RSSReader/Android.mk ...
including ./development/samples/RandomMusicPlayer/Android.mk ...
including ./development/samples/ReceiveShareDemo/Android.mk ...
including ./development/samples/RenderScript/Android.mk ...
including ./development/samples/SampleSyncAdapter/Android.mk ...
including ./development/samples/SearchableDictionary/Android.mk ...
including ./development/samples/SimpleJNI/Android.mk ...
including ./development/samples/SipDemo/Android.mk ...
including ./development/samples/SkeletonApp/Android.mk ...
including ./development/samples/Snake/Android.mk ...
including ./development/samples/SoftKeyboard/Android.mk ...
including ./development/samples/SpellChecker/Android.mk ...
including ./development/samples/StackWidget/Android.mk ...
including ./development/samples/Support13Demos/Android.mk ...
including ./development/samples/Support4Demos/Android.mk ...
including ./development/samples/Support7Demos/Android.mk ...
including ./development/samples/SupportAppNavigation/Android.mk ...
including ./development/samples/SupportDesignDemos/Android.mk ...
including ./development/samples/SupportLeanbackDemos/Android.mk ...
including ./development/samples/SupportPercentDemos/Android.mk ...
including ./development/samples/ToyVpn/Android.mk ...
including ./development/samples/TtsEngine/Android.mk ...
including ./development/samples/USB/Android.mk ...
including ./development/samples/UiAutomator/Android.mk ...
including ./development/samples/Vault/Android.mk ...
including ./development/samples/VoiceRecognitionService/Android.mk ...
including ./development/samples/VoicemailProviderDemo/Android.mk ...
including ./development/samples/WeatherListWidget/Android.mk ...
including ./development/samples/WiFiDirectDemo/Android.mk ...
including ./development/samples/WiFiDirectServiceDiscovery/Android.mk ...
including ./development/samples/Wiktionary/Android.mk ...
including ./development/samples/WiktionarySimple/Android.mk ...
including ./development/samples/XmlAdapters/Android.mk ...
including ./development/samples/training/NsdChat/Android.mk ...
including ./development/testrunner/Android.mk ...
including ./development/tools/apkcheck/Android.mk ...
including ./development/tools/btsnooz/Android.mk ...
including ./development/tools/emulator/test-apps/SmokeTests/Android.mk ...
including ./development/tools/etc1tool/Android.mk ...
including ./development/tools/hosttestlib/Android.mk ...
including ./development/tools/idegen/Android.mk ...
including ./development/tools/line_endings/Android.mk ...
including ./development/tools/mkstubs/Android.mk ...
including ./development/tools/recovery_l10n/Android.mk ...
including ./development/tools/rmtypedefs/Android.mk ...
including ./development/tools/yuv420sp2rgb/Android.mk ...
including ./development/tutorials/MoarRam/Android.mk ...
including ./development/tutorials/NotepadCodeLab/Notepadv1/Android.mk ...
including ./development/tutorials/NotepadCodeLab/Notepadv1Solution/Android.mk ...
including ./development/tutorials/NotepadCodeLab/Notepadv2/Android.mk ...
including ./development/tutorials/NotepadCodeLab/Notepadv2Solution/Android.mk ...
including ./development/tutorials/NotepadCodeLab/Notepadv3/Android.mk ...
including ./development/tutorials/NotepadCodeLab/Notepadv3Solution/Android.mk ...
including ./development/tutorials/ReverseDebug/Android.mk ...
including ./device/asus/deb/dumpstate/Android.mk ...
including ./device/asus/deb/self-extractors/Android.mk ...
including ./device/asus/flo/Android.mk ...
including ./device/asus/fugu/Android.mk ...
including ./device/generic/goldfish/audio/Android.mk ...
including ./device/generic/goldfish/camera/Android.mk ...
including ./device/generic/goldfish/fingerprint/Android.mk ...
including ./device/generic/goldfish/gps/Android.mk ...
including ./device/generic/goldfish/lights/Android.mk ...
including ./device/generic/goldfish/opengl/Android.mk ...
including ./device/generic/goldfish/power/Android.mk ...
including ./device/generic/goldfish/qemu-props/Android.mk ...
including ./device/generic/goldfish/qemud/Android.mk ...
including ./device/generic/goldfish/sensors/Android.mk ...
including ./device/generic/goldfish/vibrator/Android.mk ...
including ./device/google/accessory/arduino/Android.mk ...
including ./device/google/accessory/demokit/Android.mk ...
including ./device/google/atv/LeanbackSampleApp/Android.mk ...
including ./device/google/atv/sdk/Android.mk ...
including ./device/htc/flounder/Android.mk ...
including ./device/lge/hammerhead/Android.mk ...
including ./device/mediatek/banyan_addon/dummy/Android.mk ...
including ./device/moto/shamu/Android.mk ...
including ./device/sample/Android.mk ...
including ./docs/source.android.com/Android.mk ...
including ./external/aac/Android.mk ...
including ./external/android-clat/Android.mk ...
including ./external/android-mock/Android.mk ...
including ./external/androidplot/Android.mk ...
including ./external/ant-glob/Android.mk ...
including ./external/antlr/Android.mk ...
including ./external/apache-commons-math/Android.mk ...
including ./external/apache-harmony/Android.mk ...
including ./external/apache-http/Android.mk ...
including ./external/apache-xml/Android.mk ...
including ./external/bison/Android.mk ...
including ./external/blktrace/Android.mk ...
including ./external/boringssl/Android.mk ...
including ./external/bouncycastle/Android.mk ...
including ./external/bsdiff/Android.mk ...
including ./external/bzip2/Android.mk ...
including ./external/cblas/Android.mk ...
including ./external/ceres-solver/Android.mk ...
including ./external/chromium-libpac/Android.mk ...
including ./external/chromium-webview/Android.mk ...
including ./external/clang/Android.mk ...
including ./external/compiler-rt/Android.mk ...
including ./external/conscrypt/Android.mk ...
including ./external/crcalc/Android.mk ...
including ./external/deqp/Android.mk ...
including ./external/dexmaker/Android.mk ...
including ./external/dhcpcd/Android.mk ...
including ./external/dnsmasq/Android.mk ...
including ./external/doclava/Android.mk ...
including ./external/drm_gralloc/Android.mk ...
including ./external/drm_hwcomposer/Android.mk ...
including ./external/droiddriver/Android.mk ...
including ./external/e2fsprogs/Android.mk ...
including ./external/easymock/Android.mk ...
including ./external/eclipse-windowbuilder/propertysheet/Android.mk ...
including ./external/eigen/Android.mk ...
including ./external/elfutils/Android.mk ...
including ./external/embunit/Android.mk ...
including ./external/emma/Android.mk ...
including ./external/expat/Android.mk ...
including ./external/eyes-free/Android.mk ...
including ./external/f2fs-tools/Android.mk ...
including ./external/fdlibm/Android.mk ...
including ./external/fio/Android.mk ...
including ./external/flac/Android.mk ...
including ./external/freetype/Android.mk ...
including ./external/fsck_msdos/Android.mk ...
including ./external/giflib/Android.mk ...
including ./external/glide/Android.mk ...
including ./external/google-breakpad/Android.mk ...
including ./external/google-fonts/carrois-gothic-sc/Android.mk ...
including ./external/google-fonts/coming-soon/Android.mk ...
including ./external/google-fonts/cutive-mono/Android.mk ...
including ./external/google-fonts/dancing-script/Android.mk ...
including ./external/google-tv-pairing-protocol/Android.mk ...
including ./external/gptfdisk/Android.mk ...
including ./external/gtest/Android.mk ...
including ./external/guava/Android.mk ...
including ./external/hamcrest/Android.mk ...
including ./external/harfbuzz_ng/Android.mk ...
including ./external/hyphenation-patterns/Android.mk ...
including ./external/icu/Android.mk ...
including ./external/iproute2/Android.mk ...
including ./external/ipsec-tools/Android.mk ...
including ./external/iptables/Android.mk ...
including ./external/iputils/Android.mk ...
including ./external/jarjar/Android.mk ...
including ./external/javasqlite/Android.mk ...
including ./external/javassist/Android.mk ...
including ./external/jdiff/Android.mk ...
including ./external/jemalloc/Android.mk ...
including ./external/jetty/Android.mk ...
including ./external/jhead/Android.mk ...
including ./external/jmdns/Android.mk ...
including ./external/jmonkeyengine/Android.mk ...
including ./external/jpeg/Android.mk ...
including ./external/jsilver/Android.mk ...
including ./external/jsmn/Android.mk ...
including ./external/jsoncpp/Android.mk ...
including ./external/jsr305/Android.mk ...
including ./external/junit/Android.mk ...
including ./external/ksoap2/Android.mk ...
including ./external/libavc/Android.mk ...
including ./external/libcap-ng/Android.mk ...
including ./external/libcxx/Android.mk ...
including ./external/libcxxabi/Android.mk ...
including ./external/libdrm/Android.mk ...
including ./external/libedit/Android.mk ...
including ./external/libexif/Android.mk ...
including ./external/libgsm/Android.mk ...
including ./external/libhevc/Android.mk ...
including ./external/liblzf/Android.mk ...
including ./external/libmpeg2/Android.mk ...
including ./external/libnfc-nci/Android.mk ...
including ./external/libnfc-nxp/Android.mk ...
including ./external/libnl/Android.mk ...
including ./external/libogg/Android.mk ...
including ./external/libopus/Android.mk ...
including ./external/libpcap/Android.mk ...
including ./external/libphonenumber/Android.mk ...
including ./external/libpng/Android.mk ...
including ./external/libselinux/Android.mk ...
including ./external/libunwind/Android.mk ...
including ./external/libutf/Android.mk ...
including ./external/libvncserver/Android.mk ...
including ./external/libvorbis/Android.mk ...
including ./external/libvpx/Android.mk ...
including ./external/libvterm/Android.mk ...
including ./external/libxml2/Android.mk ...
including ./external/libyuv/Android.mk ...
including ./external/linux-tools-perf/Android.mk ...
including ./external/littlemock/Android.mk ...
including ./external/lldb/Android.mk ...
including ./external/llvm/Android.mk ...
including ./external/ltrace/Android.mk ...
including ./external/lz4/Android.mk ...
including ./external/lzma/C/Util/Lzma/Android.mk ...
including ./external/lzma/xz-embedded/Android.mk ...
including ./external/marisa-trie/Android.mk ...
including ./external/markdown/Android.mk ...
including ./external/mdnsresponder/Android.mk ...
including ./external/mesa3d/Android.mk ...
including ./external/messageformat/Android.mk ...
including ./external/mksh/Android.mk ...
including ./external/mockito/Android.mk ...
including ./external/mockwebserver/Android.mk ...
including ./external/mp4parser/Android.mk ...
including ./external/mtpd/Android.mk ...
including ./external/nanohttpd/Android.mk ...
including ./external/nanopb-c/Android.mk ...
including ./external/netcat/Android.mk ...
including ./external/netperf/Android.mk ...
including ./external/neven/Android.mk ...
including ./external/nfacct/Android.mk ...
including ./external/nist-pkits/Android.mk ...
including ./external/noto-fonts/Android.mk ...
including ./external/oauth/core/src/main/java/Android.mk ...
including ./external/objenesis/Android.mk ...
including ./external/okhttp/Android.mk ...
including ./external/opencv/Android.mk ...
including ./external/openfst/Android.mk ...
including ./external/openssh/Android.mk ...
including ./external/owasp/sanitizer/Android.mk ...
including ./external/parameter-framework/Android.mk ...
including ./external/pcre/Android.mk ...
including ./external/pdfium/core/Android.mk ...
including ./external/pdfium/fpdfsdk/Android.mk ...
including ./external/ppp/pppd/Android.mk ...
including ./external/proguard/Android.mk ...
including ./external/protobuf/Android.mk ...
including ./external/regex-re2/Android.mk ...
including ./external/replicaisland/Android.mk ...
including ./external/robolectric/Android.mk ...
including ./external/roboto-fonts/Android.mk ...
including ./external/safe-iop/Android.mk ...
including ./external/scrypt/Android.mk ...
including ./external/selinux/Android.mk ...
including ./external/sepolicy/Android.mk ...
including ./external/sfntly/Android.mk ...
including ./external/skia/Android.mk ...
including ./external/smali/baksmali/Android.mk ...
including ./external/smali/deodexerant/Android.mk ...
including ./external/smali/dexlib2/Android.mk ...
including ./external/smali/smali/Android.mk ...
including ./external/sonic/Android.mk ...
including ./external/sonivox/Android.mk ...
including ./external/speex/Android.mk ...
external/speex/Android.mk:55: TODOArm64: enable neon in libspeex
including ./external/sqlite/android/Android.mk ...
including ./external/sqlite/dist/Android.mk ...
including ./external/squashfs-tools/Android.mk ...
including ./external/srtp/Android.mk ...
including ./external/strace/Android.mk ...
including ./external/svox/Android.mk ...
including ./external/tagsoup/Android.mk ...
including ./external/tcpdump/Android.mk ...
including ./external/tinyalsa/Android.mk ...
including ./external/tinycompress/Android.mk ...
including ./external/tinyxml/Android.mk ...
including ./external/tinyxml2/Android.mk ...
including ./external/toybox/Android.mk ...
including ./external/tremolo/Android.mk ...
including ./external/v8/Android.mk ...
including ./external/valgrind/Android.mk ...
including ./external/vboot_reference/Android.mk ...
including ./external/vixl/Android.mk ...
including ./external/vogar/Android.mk ...
including ./external/webp/Android.mk ...
including ./external/webrtc/Android.mk ...
including ./external/wpa_supplicant_8/Android.mk ...
external/wpa_supplicant_8/wpa_supplicant/Android.mk:32: set CONFIG_MEDIATEK
external/wpa_supplicant_8/wpa_supplicant/Android.mk:38: set CONFIG_MTK_P2P
external/wpa_supplicant_8/wpa_supplicant/Android.mk:52: value of MTK_WIFI_MCC_SUPPORT yes
external/wpa_supplicant_8/wpa_supplicant/Android.mk:57: value of MTK_BSP_PACKAGE no
including ./external/xmp_toolkit/Android.mk ...
including ./external/zlib/Android.mk ...
including ./external/zopfli/Android.mk ...
including ./external/zxing/Android.mk ...
including ./frameworks/av/camera/Android.mk ...
including ./frameworks/av/cmds/screenrecord/Android.mk ...
including ./frameworks/av/cmds/stagefright/Android.mk ...
including ./frameworks/av/drm/common/Android.mk ...
including ./frameworks/av/drm/drmserver/Android.mk ...
including ./frameworks/av/drm/libdrmframework/Android.mk ...
including ./frameworks/av/drm/mediadrm/plugins/clearkey/Android.mk ...
including ./frameworks/av/drm/mediadrm/plugins/mock/Android.mk ...
including ./frameworks/av/media/common_time/Android.mk ...
including ./frameworks/av/media/img_utils/Android.mk ...
including ./frameworks/av/media/libcpustats/Android.mk ...
including ./frameworks/av/media/libeffects/downmix/Android.mk ...
including ./frameworks/av/media/libeffects/factory/Android.mk ...
including ./frameworks/av/media/libeffects/loudness/Android.mk ...
including ./frameworks/av/media/libeffects/lvm/lib/Android.mk ...
including ./frameworks/av/media/libeffects/lvm/wrapper/Android.mk ...
including ./frameworks/av/media/libeffects/preprocessing/Android.mk ...
including ./frameworks/av/media/libeffects/proxy/Android.mk ...
including ./frameworks/av/media/libeffects/visualizer/Android.mk ...
including ./frameworks/av/media/libmedia/Android.mk ...
MTK_GAS_SERVICE_SUPPORT=yes
including ./frameworks/av/media/libmediaplayerservice/Android.mk ...
including ./frameworks/av/media/libnbaio/Android.mk ...
including ./frameworks/av/media/libstagefright/Android.mk ...
frameworks/av/media/libstagefright/Android.mk:219: "not bsp - mtk flac parser"
including ./frameworks/av/media/mediaserver/Android.mk ...
including ./frameworks/av/media/mtp/Android.mk ...
including ./frameworks/av/media/ndk/Android.mk ...
including ./frameworks/av/media/utils/Android.mk ...
including ./frameworks/av/radio/Android.mk ...
including ./frameworks/av/services/audioflinger/Android.mk ...
including ./frameworks/av/services/audiopolicy/Android.mk ...
including ./frameworks/av/services/camera/libcameraservice/Android.mk ...
including ./frameworks/av/services/medialog/Android.mk ...
including ./frameworks/av/services/mediaresourcemanager/Android.mk ...
including ./frameworks/av/services/radio/Android.mk ...
including ./frameworks/av/services/soundtrigger/Android.mk ...
including ./frameworks/av/soundtrigger/Android.mk ...
including ./frameworks/av/tools/resampler_tools/Android.mk ...
including ./frameworks/base/Android.mk ...
find: `frameworks/base/docs/html-ndk': No such file or directory
